  Building GameAssembly.dll with MsvcWinRtToolChain
  	Msvc Install Version: 15.0
  	Msvc Install SDK Directory: C:\Program Files (x86)\Windows Kits\10
  	Msvc Linker Path: C:\Program Files (x86)\Microsoft Visual Studio\2019\Community\VC\Tools\MSVC\14.27.29110\bin\HostX64\x86\link.exe
  	Msvc Compiler Path: C:\Program Files (x86)\Microsoft Visual Studio\2019\Community\VC\Tools\MSVC\14.27.29110\bin\HostX64\x86\cl.exe
  
  	Output directory: D:\Unity Projects\Light\MyApp4\build\bin\Win32\Release
  	Cache directory: D:\Unity Projects\Light\MyApp4\build\obj\il2cppOutputProject\Win32\Release
  Il2CppGenericMethodTable.c
  Il2CppGenericMethodDefinitions.c
  Il2CppGenericClassTable.c
  Il2CppMetadataUsage.c
  Il2CppGenericMethodPointerTable.cpp
  Il2CppAttributes.cpp
  Il2CppCompilerCalculateTypeValues1.cpp
  Il2CppInteropDataTable.cpp
  Il2CppCompilerCalculateTypeValues2.cpp
  Il2CppTypeDefinitions.c
  Il2CppInvokerTable.cpp
  GenericMethods10.cpp
  GenericMethods6.cpp
  GenericMethods2.cpp
  Generics57.cpp
  Il2CppCompilerCalculateTypeValues.cpp
  mscorlib_CodeGen.c
  Microsoft.MixedReality.Toolkit.SDK3.cpp
  Microsoft.MixedReality.Toolkit.SDK4.cpp
  Vuforia.UnityExtensions2.cpp
  Microsoft.MixedReality.Toolkit.SDK6.cpp
  Unity.TextMeshPro2.cpp
  mscorlib3.cpp
  Il2CppGenericInstDefinitions.c
  Microsoft.MixedReality.Toolkit.SDK.cpp
  Microsoft.MixedReality.Toolkit.SDK1.cpp
  Unity.TextMeshPro.cpp
  Microsoft.MixedReality.Toolkit.SDK5.cpp
  Microsoft.MixedReality.Toolkit.Services.InputSystem.cpp
  Unity.TextMeshPro1.cpp
  UnityEngine.UIElementsModule.cpp
  Vuforia.UnityExtensions3.cpp
  Microsoft.MixedReality.Toolkit4.cpp
  Generics10.cpp
  Generics3.cpp
  Il2CppComCallableWrappers1.cpp
  mscorlib4.cpp
  mscorlib13.cpp
  Generics27.cpp
  Microsoft.MixedReality.Toolkit1.cpp
  Generics2.cpp
  UnityEngine.UI.cpp
  GenericMethods11.cpp
  Generics4.cpp
  Generics66.cpp
  Microsoft.MixedReality.Toolkit.cpp
  GenericMethods1.cpp
  Vuforia.UnityExtensions.cpp
  GenericMethods8.cpp
  GenericMethods7.cpp
  Vuforia.UnityExtensions1.cpp
  GenericMethods9.cpp
  Unity.TextMeshPro3.cpp
  GenericMethods5.cpp
  Microsoft.MixedReality.Toolkit3.cpp
  mscorlib10.cpp
  Generics12.cpp
  Il2CppComCallableWrappers13.cpp
  mscorlib6.cpp
  Microsoft.MixedReality.Toolkit2.cpp
  mscorlib12.cpp
  Il2CppComCallableWrappers14.cpp
  Microsoft.MixedReality.Toolkit.SDK2.cpp
  Generics1.cpp
  mscorlib11.cpp
  mscorlib2.cpp
  UnresolvedVirtualCallStubs.cpp
  mscorlib7.cpp
  mscorlib16.cpp
  GenericMethods.cpp
  Generics9.cpp
  Generics11.cpp
  Generics60.cpp
  mscorlib.cpp
  UnityEngine.UI1.cpp
  GenericMethods4.cpp
  Generics35.cpp
  mscorlib9.cpp
  mscorlib1.cpp
  UnityEngine.UI2.cpp
  Generics33.cpp
  Generics47.cpp
  Generics67.cpp
  Il2CppComCallableWrappers32.cpp
  Generics.cpp
  Generics58.cpp
  Generics13.cpp
  Il2CppComCallableWrappers33.cpp
  Il2CppComCallableWrappers27.cpp
  Unity.TextMeshPro4.cpp
  mscorlib17.cpp
  mscorlib14.cpp
  Generics69.cpp
  UnityEngine.CoreModule.cpp
  System1.cpp
  Il2CppComCallableWrappers10.cpp
  Il2CppComCallableWrappers22.cpp
  mscorlib5.cpp
  Generics46.cpp
  Il2CppComCallableWrappers31.cpp
  Il2CppComCallableWrappers25.cpp
  Generics70.cpp
  Il2CppComCallableWrappers38.cpp
  UnityEngine.CoreModule1.cpp
  Il2CppComCallableWrappers26.cpp
  Il2CppComCallableWrappers21.cpp
  Generics59.cpp
  mscorlib8.cpp
  Il2CppComCallableWrappers37.cpp
  Il2CppComCallableWrappers12.cpp
  mscorlib15.cpp
  Il2CppComCallableWrappers35.cpp
  System.cpp
  Il2CppComCallableWrappers.cpp
  Il2CppComCallableWrappers20.cpp
  Il2CppComCallableWrappers36.cpp
  Il2CppComCallableWrappers23.cpp
  Il2CppComCallableWrappers29.cpp
  Il2CppComCallableWrappers18.cpp
  Il2CppComCallableWrappers2.cpp
  Il2CppComCallableWrappers19.cpp
  Generics34.cpp
  UnityEngine.CoreModule2.cpp
  Il2CppComCallableWrappers30.cpp
  Vuforia.UnityExtensions4.cpp
  Il2CppComCallableWrappers16.cpp
  Generics65.cpp
  Il2CppComCallableWrappers34.cpp
  Microsoft.MixedReality.Toolkit.Providers.WindowsMixedReality.cpp
  Generics49.cpp
  Generics52.cpp
  Il2CppComCallableWrappers28.cpp
  Generics45.cpp
  Generics50.cpp
  Il2CppComCallableWrappers6.cpp
  Generics68.cpp
  Il2CppComCallableWrappers17.cpp
  Il2CppComCallableWrappers5.cpp
  Generics48.cpp
  Il2CppComCallableWrappers11.cpp
  Il2CppComCallableWrappers7.cpp
  Il2CppComCallableWrappers15.cpp
  Generics54.cpp
  Il2CppComCallableWrappers24.cpp
  Generics62.cpp
  Generics72.cpp
  Il2CppComCallableWrappers9.cpp
  Il2CppComCallableWrappers4.cpp
  Generics64.cpp
  Generics61.cpp
  Generics23.cpp
  Generics44.cpp
  Microsoft.MixedReality.Toolkit.Gltf.cpp
  Generics40.cpp
  Generics42.cpp
  Generics17.cpp
  Generics19.cpp
  Generics15.cpp
  Generics71.cpp
  Generics56.cpp
  Generics39.cpp
  Generics73.cpp
  Generics18.cpp
  Generics63.cpp
  Generics53.cpp
  Generics16.cpp
  Generics36.cpp
  Il2CppComCallableWrappers3.cpp
  Generics41.cpp
  Generics51.cpp
  Generics55.cpp
  Generics5.cpp
  Generics28.cpp
  Generics24.cpp
  Il2CppProjectedComCallableWrapperMethods2.cpp
  Generics14.cpp
  Il2CppProjectedComCallableWrapperMethods.cpp
  Generics25.cpp
  Generics26.cpp
  Generics8.cpp
  Generics32.cpp
  Il2CppProjectedComCallableWrapperMethods3.cpp
  Generics31.cpp
  Generics30.cpp
  Generics20.cpp
  Il2CppComCallableWrappers8.cpp
  Generics21.cpp
  Il2CppProjectedComCallableWrapperMethods1.cpp
  Generics22.cpp
  Il2CppProjectedComCallableWrapperMethods4.cpp
  Generics29.cpp
  Generics38.cpp
  GenericMethods12.cpp
  Il2CppProjectedComCallableWrapperMethods5.cpp
  Generics37.cpp
  Generics7.cpp
  Microsoft.MixedReality.Toolkit.Services.InputSimulation.cpp
  Generics43.cpp
  Microsoft.MixedReality.Toolkit.SDK_CodeGen.c
  GenericMethods3.cpp
  Generics6.cpp
  I18N.Rare.cpp
  Vuforia.UnityExtensions_CodeGen.c
  UnityEngine.IMGUIModule.cpp
  Microsoft.MixedReality.Toolkit_CodeGen.c
  Generics74.cpp
  Microsoft.MixedReality.Toolkit.Services.SceneSystem.cpp
  UnityEngine.VRModule.cpp
  Microsoft.MixedReality.Toolkit.SDK7.cpp
  Il2CppGenericComDefinitions.cpp
  Il2CppCompilerCalculateTypeValuesTable.cpp
  UnityEngine.CoreModule_CodeGen.c
  Microsoft.MixedReality.Toolkit.Providers.XRSDK.cpp
  UnityEngine.UI3.cpp
  WindowsRuntimeMetadata.cpp
  Il2CppComCallableWrappers39.cpp
  Microsoft.MixedReality.Toolkit.Services.DiagnosticsSystem.cpp
  I18N.CJK.cpp
  Microsoft.MixedReality.Toolkit.Services.InputAnimation.cpp
  I18N.West.cpp
  I18N.cpp
  UnityEngine.AndroidJNIModule.cpp
  UnityEngine.XRModule.cpp
  I18N.Rare1.cpp
  UnityEngine.UI_CodeGen.c
  Microsoft.MixedReality.Toolkit5.cpp
  Microsoft.MixedReality.Toolkit.Providers.XRSDK.WindowsMixedReality.cpp
  Microsoft.MixedReality.Toolkit.Providers.WindowsVoiceInput.cpp
  Microsoft.MixedReality.Toolkit.Services.InputSystem1.cpp
  UnityEngine.UnityWebRequestModule.cpp
  char-conversions.cpp
  Unity.TextMeshPro_CodeGen.c
  Microsoft.MixedReality.Toolkit.Providers.WindowsMixedReality.Shared.cpp
  UnityEngine.AnimationModule.cpp
  Microsoft.MixedReality.Toolkit.Async.cpp
  System2.cpp
  I18N.Other.cpp
  Assembly-CSharp.cpp
  UnityEngine.TerrainModule.cpp
  Unity.TextMeshPro5.cpp
  I18N.MidEast.cpp
  UnityEngine.TextCoreModule.cpp
  UnityEngine.UIElementsModule1.cpp
  UnityEngine.PhysicsModule.cpp
  System_CodeGen.c
  UnityEngine.TextRenderingModule.cpp
  Microsoft.MixedReality.Toolkit.Services.TeleportSystem.cpp
  mscorlib18.cpp
  UnityEngine.UIModule.cpp
  System.Numerics.cpp
  Microsoft.MixedReality.Toolkit.Services.SpatialAwarenessSystem.cpp
  System.Runtime.WindowsRuntime.cpp
  UnityEngine.UIElementsModule_CodeGen.c
  Microsoft.MixedReality.Toolkit.Services.CameraSystem.cpp
  UnityEngine.Physics2DModule.cpp
  UnityEngine.AudioModule.cpp
  UnityEngine.SharedInternalsModule.cpp
  UnityEngine.ParticleSystemModule.cpp
  Microsoft.MixedReality.Toolkit.Services.InputSystem_CodeGen.c
  UnityEngine.InputLegacyModule.cpp
  WindowsRuntimeMetadata_CodeGen.c
  UnityEngine.VRModule_CodeGen.c
  Microsoft.MixedReality.Toolkit.Services.InputSimulation_CodeGen.c
  Mono.Security.cpp
  UnityEngine.SubsystemsModule.cpp
  Microsoft.MixedReality.Toolkit.Services.BoundarySystem.cpp
  UnityEngine.TilemapModule.cpp
  Microsoft.MixedReality.Toolkit.Providers.WindowsMixedReality_CodeGen.c
  UnityEngine.IMGUIModule_CodeGen.c
  UnityEngine.VideoModule.cpp
  deflate.c
  I18N.Rare_CodeGen.c
  Microsoft.MixedReality.Toolkit.Gltf_CodeGen.c
  UnityEngine.UnityAnalyticsModule.cpp
  UnityEngine.VFXModule.cpp
  inflate.c
  UnityEngine.AndroidJNIModule_CodeGen.c
  I18N.CJK_CodeGen.c
  System.Core_CodeGen.c
  Microsoft.MixedReality.Toolkit.Services.SceneSystem_CodeGen.c
  trees.c
  System.Configuration.cpp
  Microsoft.MixedReality.Toolkit.Services.InputAnimation_CodeGen.c
  UnityEngine.InputModule.cpp
  UnityEngine.PhysicsModule_CodeGen.c
  UnityEngine.JSONSerializeModule.cpp
  Microsoft.MixedReality.Toolkit.Tools.Runtime.cpp
  Microsoft.MixedReality.Toolkit.Async_CodeGen.c
  Microsoft.MixedReality.Toolkit.Services.DiagnosticsSystem_CodeGen.c
  UnityEngine.AssetBundleModule.cpp
  UnityEngine.UnityWebRequestModule_CodeGen.c
  System.Core.cpp
  UnityEngine.XRModule_CodeGen.c
  xamarin_getifaddrs.c
  UnityEngine.TextCoreModule_CodeGen.c
  System.Runtime.WindowsRuntime.UI.Xaml.cpp
  UnityEngine.AnimationModule_CodeGen.c
  I18N_CodeGen.c
  I18N.West_CodeGen.c
  UnityEngine.UIModule_CodeGen.c
  il2cpp-api.cpp
  System.Runtime.WindowsRuntime_CodeGen.c
  I18N.Other_CodeGen.c
  infback.c
  UnityEngine.AIModule.cpp
  Assembly-CSharp_CodeGen.c
  gzread.c
  UnityEngine.DirectorModule.cpp
  gzwrite.c
  Microsoft.MixedReality.Toolkit.Providers.WindowsVoiceInput_CodeGen.c
  UnityEngine.ParticleSystemModule_CodeGen.c
  Microsoft.MixedReality.Toolkit.Providers.XRSDK_CodeGen.c
  UnityEngine.AudioModule_CodeGen.c
  UnityEngine.SharedInternalsModule_CodeGen.c
  UnityEngine.TextRenderingModule_CodeGen.c
  Microsoft.MixedReality.Toolkit.Providers.WindowsMixedReality.Shared_CodeGen.c
  UnityEngine.Physics2DModule_CodeGen.c
  gzlib.c
  UnityEngine.TerrainModule_CodeGen.c
  crc32.c
  Microsoft.MixedReality.Toolkit.Providers.XRSDK.WindowsMixedReality_CodeGen.c
  UnityEngine.InputLegacyModule_CodeGen.c
  inftrees.c
  inffast.c
  Il2CppCodeRegistration.cpp
  Microsoft.MixedReality.Toolkit.Services.SpatialAwarenessSystem_CodeGen.c
  I18N.MidEast_CodeGen.c
  Microsoft.MixedReality.Toolkit.Services.TeleportSystem_CodeGen.c
  UnityEngine.TilemapModule_CodeGen.c
  System.Numerics_CodeGen.c
  UnityEngine.ImageConversionModule.cpp
  UnityEngine.SubsystemsModule_CodeGen.c
  UnityEngine.VideoModule_CodeGen.c
  zutil.c
  Microsoft.MixedReality.Toolkit.Services.CameraSystem_CodeGen.c
  UnityEngine.UnityAnalyticsModule_CodeGen.c
  System.Configuration_CodeGen.c
  adler32.c
  UnityEngine.GridModule.cpp
  System.Xml.cpp
  UnityEngine.VFXModule_CodeGen.c
  UnityEngine.InputModule_CodeGen.c
  Mono.Security_CodeGen.c
  Microsoft.MixedReality.Toolkit.Services.BoundarySystem_CodeGen.c
  Il2CppReversePInvokeWrapperTable.cpp
  uncompr.c
  compress.c
  Lump_libil2cpp_icalls.cpp
  System.Runtime.WindowsRuntime.UI.Xaml_CodeGen.c
  UnityEngine.AIModule_CodeGen.c
  UnityEngine.JSONSerializeModule_CodeGen.c
  UnityAdsStubs.cpp
  Lump_libil2cpp_metadata.cpp
  UnityEngine.DirectorModule_CodeGen.c
  krait_signal_handler.c
  Microsoft.MixedReality.Toolkit.Tools.Runtime_CodeGen.c
  UnityEngine.AssetBundleModule_CodeGen.c
  Lump_libil2cpp_utils.cpp
  UnityEngine.ImageConversionModule_CodeGen.c
  Lump_libil2cpp_os.cpp
  gc.c
  Il2CppMetadataRegistration.c
  System.ObjectModel.cpp
  System.Runtime.cpp
  UnityEngine.cpp
  UnityEngine.GridModule_CodeGen.c
  System.Numerics.Vectors.cpp
  System.Runtime.InteropServices.WindowsRuntime.cpp
  System.Xml_CodeGen.c
  il2cpp-benchmark-support.cpp
  gzclose.c
  System.Runtime.InteropServices.WindowsRuntime_CodeGen.c
  System.Numerics.Vectors_CodeGen.c
  System.ObjectModel_CodeGen.c
  System.Runtime_CodeGen.c
  Lump_libil2cpp_vm-utils.cpp
  UnityEngine_CodeGen.c
  Lump_libil2cpp_gc.cpp
  Lump_libil2cpp_mono-runtime.cpp
  Lump_libil2cpp_debugger.cpp
  il2cpp-runtime-stats.cpp
  Lump_libil2cpp_vm.cpp
  Lump_libil2cpp_mono.cpp
  Lump_libil2cpp_codegen.cpp
  ObjectFiles: 384 of which compiled: 384
  	Time Compile: 28109 milliseconds Unity.TextMeshPro3.cpp
  	Time Compile: 27739 milliseconds Unity.TextMeshPro4.cpp
  	Time Compile: 16663 milliseconds Lump_libil2cpp_os.cpp
  	Time Compile: 15922 milliseconds Lump_libil2cpp_vm.cpp
  	Time Compile: 15881 milliseconds mscorlib5.cpp
  	Time Compile: 15775 milliseconds System.cpp
  	Time Compile: 14476 milliseconds Unity.TextMeshPro2.cpp
  	Time Compile: 13548 milliseconds Il2CppComCallableWrappers28.cpp
  	Time Compile: 13220 milliseconds Il2CppComCallableWrappers30.cpp
  	Time Compile: 12908 milliseconds Il2CppComCallableWrappers19.cpp
  Total compilation time: 272881 milliseconds.
  Creating library D:\Unity Projects\Light\MyApp4\build\obj\il2cppOutputProject\Win32\Release\linkresult_B4E73D3005AB1D302DB9D43CB29EE676\GameAssembly.lib and object D:\Unity Projects\Light\MyApp4\build\obj\il2cppOutputProject\Win32\Release\linkresult_B4E73D3005AB1D302DB9D43CB29EE676\GameAssembly.exp
  Total link time: 220758 milliseconds.
  Cleaned up 2 object files.
