  Building GameAssembly.dll with MsvcWinRtToolChain
  	Msvc Install Version: 15.0
  	Msvc Install SDK Directory: C:\Program Files (x86)\Windows Kits\10
  	Msvc Linker Path: C:\Program Files (x86)\Microsoft Visual Studio\2019\Community\VC\Tools\MSVC\14.27.29110\bin\HostX64\x86\link.exe
  	Msvc Compiler Path: C:\Program Files (x86)\Microsoft Visual Studio\2019\Community\VC\Tools\MSVC\14.27.29110\bin\HostX64\x86\cl.exe
  
  	Output directory: D:\Unity Projects\Light\MyApp5\build\bin\Win32\Release
  	Cache directory: D:\Unity Projects\Light\MyApp5\build\obj\il2cppOutputProject\Win32\Release
  Il2CppGenericMethodTable.c
  Il2CppGenericMethodDefinitions.c
  Il2CppMetadataUsage.c
  Il2CppGenericMethodPointerTable.cpp
  Il2CppGenericClassTable.c
  Il2CppCompilerCalculateTypeValues1.cpp
  Il2CppInteropDataTable.cpp
  Il2CppTypeDefinitions.c
  Il2CppAttributes.cpp
  Il2CppInvokerTable.cpp
  Il2CppCompilerCalculateTypeValues2.cpp
  Il2CppCompilerCalculateTypeValues.cpp
  Microsoft.MixedReality.Toolkit.SDK4.cpp
  GenericMethods9.cpp
  mscorlib_CodeGen.c
  Microsoft.MixedReality.Toolkit.SDK3.cpp
  GenericMethods5.cpp
  Generics50.cpp
  Microsoft.MixedReality.Toolkit.SDK6.cpp
  Unity.TextMeshPro2.cpp
  GenericMethods2.cpp
  mscorlib3.cpp
  Microsoft.MixedReality.Toolkit.SDK1.cpp
  Microsoft.MixedReality.Toolkit.SDK.cpp
  GenericMethods6.cpp
  Unity.TextMeshPro.cpp
  Microsoft.MixedReality.Toolkit.SDK5.cpp
  Microsoft.MixedReality.Toolkit.Services.InputSystem.cpp
  Unity.TextMeshPro1.cpp
  GenericMethods10.cpp
  GenericMethods1.cpp
  UnityEngine.UIElementsModule.cpp
  Il2CppComCallableWrappers1.cpp
  Generics3.cpp
  GenericMethods8.cpp
  Microsoft.MixedReality.Toolkit4.cpp
  mscorlib4.cpp
  Il2CppGenericInstDefinitions.c
  Generics58.cpp
  Microsoft.MixedReality.Toolkit1.cpp
  UnityEngine.UI.cpp
  Microsoft.MixedReality.Toolkit.cpp
  Generics2.cpp
  Generics1.cpp
  mscorlib13.cpp
  mscorlib10.cpp
  Generics9.cpp
  Microsoft.MixedReality.Toolkit3.cpp
  Generics8.cpp
  mscorlib12.cpp
  Unity.TextMeshPro3.cpp
  Il2CppComCallableWrappers11.cpp
  mscorlib11.cpp
  Microsoft.MixedReality.Toolkit2.cpp
  mscorlib6.cpp
  Il2CppComCallableWrappers14.cpp
  Microsoft.MixedReality.Toolkit.SDK2.cpp
  mscorlib2.cpp
  Generics23.cpp
  mscorlib7.cpp
  Generics49.cpp
  GenericMethods7.cpp
  mscorlib16.cpp
  Generics10.cpp
  mscorlib.cpp
  UnityEngine.UI1.cpp
  GenericMethods.cpp
  Generics52.cpp
  Generics.cpp
  mscorlib9.cpp
  Generics60.cpp
  GenericMethods4.cpp
  mscorlib17.cpp
  UnityEngine.UI2.cpp
  mscorlib1.cpp
  Generics30.cpp
  Il2CppComCallableWrappers29.cpp
  UnityEngine.CoreModule1.cpp
  Generics28.cpp
  UnresolvedVirtualCallStubs.cpp
  UnityEngine.CoreModule.cpp
  mscorlib14.cpp
  Unity.TextMeshPro4.cpp
  Il2CppComCallableWrappers10.cpp
  Il2CppComCallableWrappers25.cpp
  Generics11.cpp
  System.cpp
  Generics40.cpp
  Generics59.cpp
  Generics41.cpp
  mscorlib5.cpp
  mscorlib8.cpp
  Il2CppComCallableWrappers31.cpp
  Il2CppComCallableWrappers24.cpp
  Generics29.cpp
  Il2CppComCallableWrappers28.cpp
  Il2CppComCallableWrappers20.cpp
  Il2CppComCallableWrappers23.cpp
  Generics39.cpp
  Il2CppComCallableWrappers21.cpp
  Generics61.cpp
  Il2CppComCallableWrappers26.cpp
  Il2CppComCallableWrappers33.cpp
  Il2CppComCallableWrappers27.cpp
  mscorlib15.cpp
  Il2CppComCallableWrappers13.cpp
  Generics51.cpp
  Il2CppComCallableWrappers18.cpp
  System1.cpp
  Il2CppComCallableWrappers.cpp
  Il2CppComCallableWrappers9.cpp
  Il2CppComCallableWrappers17.cpp
  Generics36.cpp
  Il2CppComCallableWrappers32.cpp
  Il2CppComCallableWrappers19.cpp
  Microsoft.MixedReality.Toolkit.Providers.WindowsMixedReality.cpp
  Generics53.cpp
  Generics56.cpp
  Il2CppComCallableWrappers16.cpp
  Il2CppComCallableWrappers6.cpp
  Il2CppComCallableWrappers5.cpp
  Generics47.cpp
  Il2CppComCallableWrappers15.cpp
  Generics45.cpp
  Il2CppComCallableWrappers22.cpp
  Generics57.cpp
  Il2CppComCallableWrappers12.cpp
  Il2CppComCallableWrappers30.cpp
  Generics54.cpp
  Generics43.cpp
  Generics20.cpp
  Il2CppComCallableWrappers4.cpp
  Generics24.cpp
  Generics63.cpp
  Generics22.cpp
  Generics62.cpp
  Generics16.cpp
  Microsoft.MixedReality.Toolkit.Gltf.cpp
  Generics14.cpp
  Generics42.cpp
  Generics12.cpp
  GenericMethods3.cpp
  Il2CppComCallableWrappers2.cpp
  GenericMethods11.cpp
  Il2CppComCallableWrappers7.cpp
  Generics4.cpp
  Generics64.cpp
  Generics46.cpp
  Generics35.cpp
  Generics15.cpp
  Generics44.cpp
  Generics48.cpp
  Generics55.cpp
  Generics13.cpp
  Generics34.cpp
  Il2CppComCallableWrappers3.cpp
  Il2CppProjectedComCallableWrapperMethods2.cpp
  Generics21.cpp
  Generics31.cpp
  Generics7.cpp
  Il2CppProjectedComCallableWrapperMethods4.cpp
  Generics17.cpp
  Il2CppProjectedComCallableWrapperMethods.cpp
  Il2CppProjectedComCallableWrapperMethods3.cpp
  Generics33.cpp
  Generics18.cpp
  Il2CppComCallableWrappers8.cpp
  Generics38.cpp
  Il2CppProjectedComCallableWrapperMethods1.cpp
  Generics19.cpp
  Generics26.cpp
  Generics65.cpp
  Generics27.cpp
  Generics32.cpp
  Generics25.cpp
  Generics5.cpp
  Microsoft.MixedReality.Toolkit.SDK_CodeGen.c
  Microsoft.MixedReality.Toolkit.Services.InputSimulation.cpp
  Generics6.cpp
  UnityEngine.CoreModule2.cpp
  I18N.Rare.cpp
  Generics37.cpp
  Microsoft.MixedReality.Toolkit_CodeGen.c
  Microsoft.MixedReality.Toolkit.Services.SceneSystem.cpp
  UnityEngine.VRModule.cpp
  Il2CppProjectedComCallableWrapperMethods5.cpp
  Il2CppComCallableWrappers34.cpp
  Il2CppGenericComDefinitions.cpp
  UnityEngine.IMGUIModule.cpp
  Il2CppCompilerCalculateTypeValuesTable.cpp
  Microsoft.MixedReality.Toolkit.SDK7.cpp
  Microsoft.MixedReality.Toolkit.Providers.XRSDK.cpp
  UnityEngine.UI3.cpp
  WindowsRuntimeMetadata.cpp
  Microsoft.MixedReality.Toolkit.Services.DiagnosticsSystem.cpp
  I18N.CJK.cpp
  UnityEngine.CoreModule_CodeGen.c
  I18N.West.cpp
  Assembly-CSharp.cpp
  I18N.cpp
  Microsoft.MixedReality.Toolkit.Services.InputAnimation.cpp
  I18N.Rare1.cpp
  UnityEngine.XRModule.cpp
  UnityEngine.AndroidJNIModule.cpp
  UnityEngine.UnityWebRequestModule.cpp
  Microsoft.MixedReality.Toolkit.Providers.WindowsVoiceInput.cpp
  UnityEngine.UI_CodeGen.c
  Microsoft.MixedReality.Toolkit5.cpp
  Unity.TextMeshPro_CodeGen.c
  Microsoft.MixedReality.Toolkit.Providers.XRSDK.WindowsMixedReality.cpp
  Microsoft.MixedReality.Toolkit.Services.InputSystem1.cpp
  char-conversions.cpp
  Microsoft.MixedReality.Toolkit.Providers.WindowsMixedReality.Shared.cpp
  Microsoft.MixedReality.Toolkit.Async.cpp
  System2.cpp
  I18N.Other.cpp
  UnityEngine.AnimationModule.cpp
  UnityEngine.TerrainModule.cpp
  UnityEngine.TextCoreModule.cpp
  Unity.TextMeshPro5.cpp
  I18N.MidEast.cpp
  UnityEngine.PhysicsModule.cpp
  UnityEngine.UIElementsModule1.cpp
  UnityEngine.TextRenderingModule.cpp
  UnityEngine.UIModule.cpp
  System_CodeGen.c
  Microsoft.MixedReality.Toolkit.Services.TeleportSystem.cpp
  Microsoft.MixedReality.Toolkit.Services.SpatialAwarenessSystem.cpp
  UnityEngine.UIElementsModule_CodeGen.c
  System.Runtime.WindowsRuntime.cpp
  System.Numerics.cpp
  Microsoft.MixedReality.Toolkit.Services.CameraSystem.cpp
  UnityEngine.SharedInternalsModule.cpp
  UnityEngine.ParticleSystemModule.cpp
  UnityEngine.Physics2DModule.cpp
  Microsoft.MixedReality.Toolkit.Services.InputSystem_CodeGen.c
  UnityEngine.AudioModule.cpp
  WindowsRuntimeMetadata_CodeGen.c
  UnityEngine.VRModule_CodeGen.c
  UnityEngine.InputLegacyModule.cpp
  UnityEngine.SubsystemsModule.cpp
  Mono.Security.cpp
  Microsoft.MixedReality.Toolkit.Services.BoundarySystem.cpp
  Microsoft.MixedReality.Toolkit.Services.InputSimulation_CodeGen.c
  UnityEngine.TilemapModule.cpp
  UnityEngine.VideoModule.cpp
  deflate.c
  UnityEngine.IMGUIModule_CodeGen.c
  Microsoft.MixedReality.Toolkit.Providers.WindowsMixedReality_CodeGen.c
  UnityEngine.UnityAnalyticsModule.cpp
  I18N.Rare_CodeGen.c
  Microsoft.MixedReality.Toolkit.Gltf_CodeGen.c
  UnityEngine.AndroidJNIModule_CodeGen.c
  mscorlib18.cpp
  inflate.c
  UnityEngine.VFXModule.cpp
  I18N.CJK_CodeGen.c
  System.Configuration.cpp
  Microsoft.MixedReality.Toolkit.Services.SceneSystem_CodeGen.c
  trees.c
  Microsoft.MixedReality.Toolkit.Services.InputAnimation_CodeGen.c
  UnityEngine.PhysicsModule_CodeGen.c
  UnityEngine.InputModule.cpp
  UnityEngine.JSONSerializeModule.cpp
  Microsoft.MixedReality.Toolkit.Tools.Runtime.cpp
  Microsoft.MixedReality.Toolkit.Async_CodeGen.c
  Microsoft.MixedReality.Toolkit.Services.DiagnosticsSystem_CodeGen.c
  UnityEngine.UnityWebRequestModule_CodeGen.c
  UnityEngine.AssetBundleModule.cpp
  UnityEngine.XRModule_CodeGen.c
  UnityEngine.TextCoreModule_CodeGen.c
  System.Core.cpp
  I18N_CodeGen.c
  xamarin_getifaddrs.c
  System.Core_CodeGen.c
  System.Runtime.WindowsRuntime.UI.Xaml.cpp
  UnityEngine.UIModule_CodeGen.c
  UnityEngine.AnimationModule_CodeGen.c
  I18N.West_CodeGen.c
  System.Runtime.WindowsRuntime_CodeGen.c
  infback.c
  I18N.Other_CodeGen.c
  il2cpp-api.cpp
  gzread.c
  UnityEngine.AIModule.cpp
  UnityEngine.DirectorModule.cpp
  Microsoft.MixedReality.Toolkit.Providers.WindowsVoiceInput_CodeGen.c
  UnityEngine.ParticleSystemModule_CodeGen.c
  gzwrite.c
  Microsoft.MixedReality.Toolkit.Providers.XRSDK_CodeGen.c
  UnityEngine.SharedInternalsModule_CodeGen.c
  UnityEngine.TextRenderingModule_CodeGen.c
  UnityEngine.AudioModule_CodeGen.c
  Microsoft.MixedReality.Toolkit.Providers.WindowsMixedReality.Shared_CodeGen.c
  gzlib.c
  Assembly-CSharp_CodeGen.c
  UnityEngine.Physics2DModule_CodeGen.c
  crc32.c
  UnityEngine.TerrainModule_CodeGen.c
  Microsoft.MixedReality.Toolkit.Providers.XRSDK.WindowsMixedReality_CodeGen.c
  inftrees.c
  inffast.c
  UnityEngine.InputLegacyModule_CodeGen.c
  I18N.MidEast_CodeGen.c
  System.Numerics_CodeGen.c
  Microsoft.MixedReality.Toolkit.Services.SpatialAwarenessSystem_CodeGen.c
  UnityEngine.ImageConversionModule.cpp
  Il2CppCodeRegistration.cpp
  Microsoft.MixedReality.Toolkit.Services.TeleportSystem_CodeGen.c
  UnityEngine.TilemapModule_CodeGen.c
  UnityEngine.VideoModule_CodeGen.c
  UnityEngine.SubsystemsModule_CodeGen.c
  zutil.c
  Microsoft.MixedReality.Toolkit.Services.CameraSystem_CodeGen.c
  UnityEngine.UnityAnalyticsModule_CodeGen.c
  System.Configuration_CodeGen.c
  UnityEngine.GridModule.cpp
  System.Xml.cpp
  adler32.c
  UnityEngine.VFXModule_CodeGen.c
  Mono.Security_CodeGen.c
  UnityEngine.InputModule_CodeGen.c
  Microsoft.MixedReality.Toolkit.Services.BoundarySystem_CodeGen.c
  uncompr.c
  compress.c
  Il2CppReversePInvokeWrapperTable.cpp
  System.Runtime.WindowsRuntime.UI.Xaml_CodeGen.c
  UnityEngine.JSONSerializeModule_CodeGen.c
  Lump_libil2cpp_icalls.cpp
  UnityEngine.AIModule_CodeGen.c
  UnityAdsStubs.cpp
  Lump_libil2cpp_metadata.cpp
  UnityEngine.DirectorModule_CodeGen.c
  krait_signal_handler.c
  Microsoft.MixedReality.Toolkit.Tools.Runtime_CodeGen.c
  gc.c
  UnityEngine.ImageConversionModule_CodeGen.c
  UnityEngine.AssetBundleModule_CodeGen.c
  Lump_libil2cpp_utils.cpp
  Il2CppMetadataRegistration.c
  System.Numerics.Vectors.cpp
  System.ObjectModel.cpp
  System.Runtime.cpp
  System.Runtime.InteropServices.WindowsRuntime.cpp
  UnityEngine.GridModule_CodeGen.c
  System.Xml_CodeGen.c
  UnityEngine.cpp
  il2cpp-benchmark-support.cpp
  gzclose.c
  System.Runtime.InteropServices.WindowsRuntime_CodeGen.c
  System.Numerics.Vectors_CodeGen.c
  Lump_libil2cpp_os.cpp
  Lump_libil2cpp_vm.cpp
  System.Runtime_CodeGen.c
  System.ObjectModel_CodeGen.c
  Lump_libil2cpp_vm-utils.cpp
  Lump_libil2cpp_gc.cpp
  UnityEngine_CodeGen.c
  Lump_libil2cpp_mono-runtime.cpp
  Lump_libil2cpp_debugger.cpp
  il2cpp-runtime-stats.cpp
  Lump_libil2cpp_mono.cpp
  Lump_libil2cpp_codegen.cpp
  ObjectFiles: 363 of which compiled: 363
  	Time Compile: 24467 milliseconds Unity.TextMeshPro4.cpp
  	Time Compile: 23808 milliseconds Unity.TextMeshPro3.cpp
  	Time Compile: 16782 milliseconds Lump_libil2cpp_os.cpp
  	Time Compile: 12591 milliseconds mscorlib5.cpp
  	Time Compile: 12571 milliseconds Lump_libil2cpp_vm.cpp
  	Time Compile: 11940 milliseconds Unity.TextMeshPro2.cpp
  	Time Compile: 10857 milliseconds Il2CppComCallableWrappers17.cpp
  	Time Compile: 10484 milliseconds Il2CppComCallableWrappers16.cpp
  	Time Compile: 10410 milliseconds System.cpp
  	Time Compile: 10080 milliseconds Il2CppComCallableWrappers18.cpp
  Total compilation time: 235409 milliseconds.
  Creating library D:\Unity Projects\Light\MyApp5\build\obj\il2cppOutputProject\Win32\Release\linkresult_24110125D08BF47C19C995A6A20440BD\GameAssembly.lib and object D:\Unity Projects\Light\MyApp5\build\obj\il2cppOutputProject\Win32\Release\linkresult_24110125D08BF47C19C995A6A20440BD\GameAssembly.exp
  Total link time: 232014 milliseconds.
  Cleaned up 2 object files.
